<?xml version="1.0" encoding="UTF-8"?>
<!-- Generated by org.testng.reporters.JUnitXMLReporter -->
<testsuite hostname="HW1033" ignored="11" name="Test-chrome-Web" tests="3" failures="1" timestamp="12 Apr 2018 10:54:35 GMT" time="166.928" errors="0">
  <testcase name="BookACruiseStep" time="45.303" classname="com.vv.test.automation.web.stepdefinition.BookACruiseStep">
    <failure type="cucumber.runtime.CucumberException" message="java.lang.AssertionError: Test Case Failed because - Failed to complete - the user is able to book a cruise">
      <![CDATA[cucumber.runtime.CucumberException: java.lang.AssertionError: Test Case Failed because - Failed to complete - the user is able to book a cruise
at cucumber.api.testng.TestNGCucumberRunner.runCukes(TestNGCucumberRunner.java:57)
at com.vv.test.automation.web.stepdefinition.BookACruiseStep.BookACruiseStep(BookACruiseStep.java:78)
at java.util.concurrent.FutureTask.run(Unknown Source)
at java.util.concurrent.ThreadPoolExecutor.runWorker(Unknown Source)
at java.util.concurrent.ThreadPoolExecutor$Worker.run(Unknown Source)
at java.lang.Thread.run(Unknown Source)
Caused by: java.lang.AssertionError: Test Case Failed because - Failed to complete - the user is able to book a cruise
at com.vv.test.automation.web.stepdefinition.BookACruiseStep.TestCaseStatus(BookACruiseStep.java:92)
at com.vv.test.automation.web.stepdefinition.BookACruiseStep.after(BookACruiseStep.java:108)
at cucumber.runtime.Utils$1.call(Utils.java:40)
at cucumber.runtime.Timeout.timeout(Timeout.java:16)
at cucumber.runtime.Utils.invoke(Utils.java:34)
at cucumber.runtime.java.JavaHookDefinition.execute(JavaHookDefinition.java:60)
at cucumber.runtime.Runtime.runHookIfTagsMatch(Runtime.java:224)
at cucumber.runtime.Runtime.runHooks(Runtime.java:212)
at cucumber.runtime.Runtime.runAfterHooks(Runtime.java:206)
at cucumber.runtime.model.CucumberScenario.run(CucumberScenario.java:46)
at cucumber.runtime.model.CucumberFeature.run(CucumberFeature.java:165)
at cucumber.api.testng.TestNGCucumberRunner.runCukes(TestNGCucumberRunner.java:50)
... 21 more
... Removed 21 stack frames]]>
    </failure>
  </testcase> <!-- BookACruiseStep -->
  <testcase name="SignUp" time="9.469" classname="com.vv.test.automation.web.stepdefinition.SignUpAsLearnerStep"/>
  <testcase name="WithValidLoginCredentials" time="20.477" classname="com.vv.test.automation.web.stepdefinition.LoginWithValidLearnerCredentialsStep"/>
  <testcase name="@BeforeSuite beforeSuite" time="0.0" classname="com.vv.test.automation.web.accelerators.TestEngineWeb">
    <ignored/>
  </testcase> <!-- @BeforeSuite beforeSuite -->
  <testcase name="@BeforeSuite beforeSuite" time="0.0" classname="com.vv.test.automation.web.accelerators.TestEngineWeb">
    <ignored/>
  </testcase> <!-- @BeforeSuite beforeSuite -->
  <testcase name="@AfterTest afterTest" time="0.0" classname="com.vv.test.automation.web.accelerators.TestEngineWeb">
    <ignored/>
  </testcase> <!-- @AfterTest afterTest -->
  <testcase name="@AfterTest afterTest" time="0.0" classname="com.vv.test.automation.web.accelerators.TestEngineWeb">
    <ignored/>
  </testcase> <!-- @AfterTest afterTest -->
  <testcase name="@BeforeTest beforeTest" time="0.0" classname="com.vv.test.automation.web.accelerators.TestEngineWeb">
    <ignored/>
  </testcase> <!-- @BeforeTest beforeTest -->
  <testcase name="@BeforeTest beforeTest" time="0.0" classname="com.vv.test.automation.web.accelerators.TestEngineWeb">
    <ignored/>
  </testcase> <!-- @BeforeTest beforeTest -->
  <testcase name="@AfterSuite afterSuite" time="0.0" classname="com.vv.test.automation.web.accelerators.TestEngineWeb">
    <ignored/>
  </testcase> <!-- @AfterSuite afterSuite -->
  <testcase name="@AfterSuite afterSuite" time="0.0" classname="com.vv.test.automation.web.accelerators.TestEngineWeb">
    <ignored/>
  </testcase> <!-- @AfterSuite afterSuite -->
  <testcase name="feature" time="0.0" classname="cucumber.api.testng.AbstractTestNGCucumberTests">
    <ignored/>
  </testcase> <!-- feature -->
  <testcase name="feature" time="0.0" classname="cucumber.api.testng.AbstractTestNGCucumberTests">
    <ignored/>
  </testcase> <!-- feature -->
  <testcase name="feature" time="0.0" classname="cucumber.api.testng.AbstractTestNGCucumberTests">
    <ignored/>
  </testcase> <!-- feature -->
</testsuite> <!-- Test-chrome-Web -->
